This file contains any messages produced by compilers while
running configure, to aid debugging if configure makes a mistake.

It was created by irsim configure 2021.0, which was
generated by GNU Autoconf 2.71.  Invocation command line was

  $ ./configure

## --------- ##
## Platform. ##
## --------- ##

hostname = hades
uname -m = x86_64
uname -r = 5.11.10-artix1-1
uname -s = Linux
uname -v = #1 SMP PREEMPT Fri, 26 Mar 2021 15:37:19 +0000

/usr/bin/uname -p = unknown
/bin/uname -X     = unknown

/bin/arch              = unknown
/usr/bin/arch -k       = unknown
/usr/convex/getsysinfo = unknown
/usr/bin/hostinfo      = unknown
/bin/machine           = unknown
/usr/bin/oslevel       = unknown
/bin/universe          = unknown

PATH: /usr/local/sbin/
PATH: /usr/local/bin/
PATH: /usr/bin/
PATH: /usr/bin/site_perl/
PATH: /usr/bin/vendor_perl/
PATH: /usr/bin/core_perl/
PATH: /home/aacienfuegos/.local/bin/
PATH: /home/aacienfuegos/.local/bin/files/
PATH: /home/aacienfuegos/.local/bin/statusbar/
PATH: /home/aacienfuegos/.local/bin/cron/
PATH: /home/aacienfuegos/.local/bin/keymaps/
PATH: /home/aacienfuegos/.local/src/rapi_tools/arm-bcm2708/gcc-linaro-arm-linux-gnueabihf-raspbian-x64/bin/


## ----------- ##
## Core tests. ##
## ----------- ##

configure:2370: looking for aux files: compile missing install-sh
configure:2383:  trying ./
configure:2412:   ./compile found
configure:2412:   ./missing found
configure:2394:   ./install-sh found
configure:2541: checking for a BSD-compatible install
configure:2614: result: /usr/bin/install -c
configure:2625: checking whether build environment is sane
configure:2680: result: yes
configure:2839: checking for a race-free mkdir -p
configure:2883: result: /usr/bin/mkdir -p
configure:2890: checking for gawk
configure:2911: found /usr/bin/gawk
configure:2922: result: gawk
configure:2933: checking whether make sets $(MAKE)
configure:2956: result: yes
configure:2986: checking whether make supports nested variables
configure:3004: result: yes
configure:3195: checking for gcc
configure:3216: found /usr/bin/gcc
configure:3227: result: gcc
configure:3580: checking for C compiler version
configure:3589: gcc --version >&5
gcc (GCC) 10.2.0
Copyright (C) 2020 Free Software Foundation, Inc.
This is free software; see the source for copying conditions.  There is NO
warranty; not even for MERCHANTABILITY or FITNESS FOR A PARTICULAR PURPOSE.

configure:3600: $? = 0
configure:3589: gcc -v >&5
Using built-in specs.
COLLECT_GCC=gcc
COLLECT_LTO_WRAPPER=/usr/lib/gcc/x86_64-pc-linux-gnu/10.2.0/lto-wrapper
Target: x86_64-pc-linux-gnu
Configured with: /build/gcc/src/gcc/configure --prefix=/usr --libdir=/usr/lib --libexecdir=/usr/lib --mandir=/usr/share/man --infodir=/usr/share/info --with-bugurl=https://bugs.archlinux.org/ --enable-languages=c,c++,ada,fortran,go,lto,objc,obj-c++,d --with-isl --with-linker-hash-style=gnu --with-system-zlib --enable-__cxa_atexit --enable-cet=auto --enable-checking=release --enable-clocale=gnu --enable-default-pie --enable-default-ssp --enable-gnu-indirect-function --enable-gnu-unique-object --enable-install-libiberty --enable-linker-build-id --enable-lto --enable-multilib --enable-plugin --enable-shared --enable-threads=posix --disable-libssp --disable-libstdcxx-pch --disable-libunwind-exceptions --disable-werror gdc_include_dir=/usr/include/dlang/gdc
Thread model: posix
Supported LTO compression algorithms: zlib zstd
gcc version 10.2.0 (GCC) 
configure:3600: $? = 0
configure:3589: gcc -V >&5
gcc: error: unrecognized command-line option '-V'
gcc: fatal error: no input files
compilation terminated.
configure:3600: $? = 1
configure:3589: gcc -qversion >&5
gcc: error: unrecognized command-line option '-qversion'; did you mean '--version'?
gcc: fatal error: no input files
compilation terminated.
configure:3600: $? = 1
configure:3589: gcc -version >&5
gcc: error: unrecognized command-line option '-version'
gcc: fatal error: no input files
compilation terminated.
configure:3600: $? = 1
configure:3620: checking whether the C compiler works
configure:3642: gcc    conftest.c  >&5
configure:3646: $? = 0
configure:3696: result: yes
configure:3699: checking for C compiler default output file name
configure:3701: result: a.out
configure:3707: checking for suffix of executables
configure:3714: gcc -o conftest    conftest.c  >&5
configure:3718: $? = 0
configure:3741: result: 
configure:3763: checking whether we are cross compiling
configure:3771: gcc -o conftest    conftest.c  >&5
configure:3775: $? = 0
configure:3782: ./conftest
configure:3786: $? = 0
configure:3801: result: no
configure:3806: checking for suffix of object files
configure:3829: gcc -c   conftest.c >&5
configure:3833: $? = 0
configure:3855: result: o
configure:3859: checking whether the compiler supports GNU C
configure:3879: gcc -c   conftest.c >&5
configure:3879: $? = 0
configure:3889: result: yes
configure:3900: checking whether gcc accepts -g
configure:3921: gcc -c -g  conftest.c >&5
configure:3921: $? = 0
configure:3965: result: yes
configure:3985: checking for gcc option to enable C11 features
configure:4000: gcc  -c -g -O2  conftest.c >&5
configure:4000: $? = 0
configure:4018: result: none needed
configure:4134: checking whether gcc understands -c and -o together
configure:4157: gcc -c conftest.c -o conftest2.o
configure:4160: $? = 0
configure:4157: gcc -c conftest.c -o conftest2.o
configure:4160: $? = 0
configure:4172: result: yes
configure:4192: checking whether make supports the include directive
configure:4207: make -f confmf.GNU && cat confinc.out
this is the am__doit target
configure:4210: $? = 0
configure:4229: result: yes (GNU style)
configure:4255: checking dependency style of gcc
configure:4367: result: gcc3
configure:4451: checking for g++
configure:4472: found /usr/bin/g++
configure:4483: result: g++
configure:4510: checking for C++ compiler version
configure:4519: g++ --version >&5
g++ (GCC) 10.2.0
Copyright (C) 2020 Free Software Foundation, Inc.
This is free software; see the source for copying conditions.  There is NO
warranty; not even for MERCHANTABILITY or FITNESS FOR A PARTICULAR PURPOSE.

configure:4530: $? = 0
configure:4519: g++ -v >&5
Using built-in specs.
COLLECT_GCC=g++
COLLECT_LTO_WRAPPER=/usr/lib/gcc/x86_64-pc-linux-gnu/10.2.0/lto-wrapper
Target: x86_64-pc-linux-gnu
Configured with: /build/gcc/src/gcc/configure --prefix=/usr --libdir=/usr/lib --libexecdir=/usr/lib --mandir=/usr/share/man --infodir=/usr/share/info --with-bugurl=https://bugs.archlinux.org/ --enable-languages=c,c++,ada,fortran,go,lto,objc,obj-c++,d --with-isl --with-linker-hash-style=gnu --with-system-zlib --enable-__cxa_atexit --enable-cet=auto --enable-checking=release --enable-clocale=gnu --enable-default-pie --enable-default-ssp --enable-gnu-indirect-function --enable-gnu-unique-object --enable-install-libiberty --enable-linker-build-id --enable-lto --enable-multilib --enable-plugin --enable-shared --enable-threads=posix --disable-libssp --disable-libstdcxx-pch --disable-libunwind-exceptions --disable-werror gdc_include_dir=/usr/include/dlang/gdc
Thread model: posix
Supported LTO compression algorithms: zlib zstd
gcc version 10.2.0 (GCC) 
configure:4530: $? = 0
configure:4519: g++ -V >&5
g++: error: unrecognized command-line option '-V'
g++: fatal error: no input files
compilation terminated.
configure:4530: $? = 1
configure:4519: g++ -qversion >&5
g++: error: unrecognized command-line option '-qversion'; did you mean '--version'?
g++: fatal error: no input files
compilation terminated.
configure:4530: $? = 1
configure:4534: checking whether the compiler supports GNU C++
configure:4554: g++ -c   conftest.cpp >&5
configure:4554: $? = 0
configure:4564: result: yes
configure:4575: checking whether g++ accepts -g
configure:4596: g++ -c -g  conftest.cpp >&5
configure:4596: $? = 0
configure:4640: result: yes
configure:4660: checking for g++ option to enable C++11 features
configure:4675: g++  -c -g -O2  conftest.cpp >&5
configure:4675: $? = 0
configure:4693: result: none needed
configure:4759: checking dependency style of g++
configure:4871: result: gcc3
configure:4935: checking for ranlib
configure:4956: found /usr/bin/ranlib
configure:4967: result: ranlib
configure:5142: checking that generated files are newer than configure
configure:5148: result: done
configure:5175: creating ./config.status

## ---------------------- ##
## Running config.status. ##
## ---------------------- ##

This file was extended by irsim config.status 2021.0, which was
generated by GNU Autoconf 2.71.  Invocation command line was

  CONFIG_FILES    = 
  CONFIG_HEADERS  = 
  CONFIG_LINKS    = 
  CONFIG_COMMANDS = 
  $ ./config.status 

on hades

config.status:851: creating Makefile
config.status:851: creating objects/Makefile
config.status:851: creating sensors/Makefile
config.status:851: creating controllers/Makefile
config.status:851: creating collisions/Makefile
config.status:851: creating actuators/Makefile
config.status:851: creating arenas/Makefile
config.status:851: creating renders/Makefile
config.status:851: creating renders/drawstuff/Makefile
config.status:851: creating experiments/Makefile
config.status:851: creating populations/Makefile
config.status:851: creating fitnessfunctions/Makefile
config.status:851: creating config.h
config.status:1032: config.h is unchanged
config.status:1080: executing depfiles commands
config.status:1157: cd .       && sed -e '/# am--include-marker/d' Makefile         | make -f - am--depfiles
make: Nothing to be done for 'am--depfiles'.
config.status:1162: $? = 0
config.status:1157: cd objects       && sed -e '/# am--include-marker/d' Makefile         | make -f - am--depfiles
make: Nothing to be done for 'am--depfiles'.
config.status:1162: $? = 0
config.status:1157: cd sensors       && sed -e '/# am--include-marker/d' Makefile         | make -f - am--depfiles
make: Nothing to be done for 'am--depfiles'.
config.status:1162: $? = 0
config.status:1157: cd controllers       && sed -e '/# am--include-marker/d' Makefile         | make -f - am--depfiles
make: Nothing to be done for 'am--depfiles'.
config.status:1162: $? = 0
config.status:1157: cd collisions       && sed -e '/# am--include-marker/d' Makefile         | make -f - am--depfiles
make: Nothing to be done for 'am--depfiles'.
config.status:1162: $? = 0
config.status:1157: cd actuators       && sed -e '/# am--include-marker/d' Makefile         | make -f - am--depfiles
make: Nothing to be done for 'am--depfiles'.
config.status:1162: $? = 0
config.status:1157: cd arenas       && sed -e '/# am--include-marker/d' Makefile         | make -f - am--depfiles
make: Nothing to be done for 'am--depfiles'.
config.status:1162: $? = 0
config.status:1157: cd renders       && sed -e '/# am--include-marker/d' Makefile         | make -f - am--depfiles
make: Nothing to be done for 'am--depfiles'.
config.status:1162: $? = 0
config.status:1157: cd renders/drawstuff       && sed -e '/# am--include-marker/d' Makefile         | make -f - am--depfiles
make: Nothing to be done for 'am--depfiles'.
config.status:1162: $? = 0
config.status:1157: cd experiments       && sed -e '/# am--include-marker/d' Makefile         | make -f - am--depfiles
make: Nothing to be done for 'am--depfiles'.
config.status:1162: $? = 0
config.status:1157: cd populations       && sed -e '/# am--include-marker/d' Makefile         | make -f - am--depfiles
make: Nothing to be done for 'am--depfiles'.
config.status:1162: $? = 0
config.status:1157: cd fitnessfunctions       && sed -e '/# am--include-marker/d' Makefile         | make -f - am--depfiles
make: Nothing to be done for 'am--depfiles'.
config.status:1162: $? = 0

## ---------------- ##
## Cache variables. ##
## ---------------- ##

ac_cv_c_compiler_gnu=yes
ac_cv_cxx_compiler_gnu=yes
ac_cv_env_CCC_set=
ac_cv_env_CCC_value=
ac_cv_env_CC_set=
ac_cv_env_CC_value=
ac_cv_env_CFLAGS_set=
ac_cv_env_CFLAGS_value=
ac_cv_env_CPPFLAGS_set=
ac_cv_env_CPPFLAGS_value=
ac_cv_env_CXXFLAGS_set=
ac_cv_env_CXXFLAGS_value=
ac_cv_env_CXX_set=
ac_cv_env_CXX_value=
ac_cv_env_LDFLAGS_set=
ac_cv_env_LDFLAGS_value=
ac_cv_env_LIBS_set=
ac_cv_env_LIBS_value=
ac_cv_env_build_alias_set=
ac_cv_env_build_alias_value=
ac_cv_env_host_alias_set=
ac_cv_env_host_alias_value=
ac_cv_env_target_alias_set=
ac_cv_env_target_alias_value=
ac_cv_objext=o
ac_cv_path_install='/usr/bin/install -c'
ac_cv_path_mkdir=/usr/bin/mkdir
ac_cv_prog_AWK=gawk
ac_cv_prog_ac_ct_CC=gcc
ac_cv_prog_ac_ct_CXX=g++
ac_cv_prog_ac_ct_RANLIB=ranlib
ac_cv_prog_cc_c11=
ac_cv_prog_cc_g=yes
ac_cv_prog_cc_stdc=
ac_cv_prog_cxx_11=no
ac_cv_prog_cxx_cxx11=
ac_cv_prog_cxx_g=yes
ac_cv_prog_cxx_stdcxx=
ac_cv_prog_make_make_set=yes
am_cv_CC_dependencies_compiler_type=gcc3
am_cv_CXX_dependencies_compiler_type=gcc3
am_cv_make_support_nested_variables=yes
am_cv_prog_cc_c_o=yes

## ----------------- ##
## Output variables. ##
## ----------------- ##

ACLOCAL='${SHELL} '\''/home/aacienfuegos/uni/IRIN/compulsory_1/covid_survivor/missing'\'' aclocal-1.16'
AMDEPBACKSLASH='\'
AMDEP_FALSE='#'
AMDEP_TRUE=''
AMTAR='$${TAR-tar}'
AM_BACKSLASH='\'
AM_DEFAULT_V='$(AM_DEFAULT_VERBOSITY)'
AM_DEFAULT_VERBOSITY='1'
AM_V='$(V)'
AUTOCONF='${SHELL} '\''/home/aacienfuegos/uni/IRIN/compulsory_1/covid_survivor/missing'\'' autoconf'
AUTOHEADER='${SHELL} '\''/home/aacienfuegos/uni/IRIN/compulsory_1/covid_survivor/missing'\'' autoheader'
AUTOMAKE='${SHELL} '\''/home/aacienfuegos/uni/IRIN/compulsory_1/covid_survivor/missing'\'' automake-1.16'
AWK='gawk'
CC='gcc'
CCDEPMODE='depmode=gcc3'
CFLAGS='-O3 '
CPPFLAGS=''
CXX='g++'
CXXDEPMODE='depmode=gcc3'
CXXFLAGS='-O3 '
CYGPATH_W='echo'
DEFS='-DHAVE_CONFIG_H'
DEPDIR='.deps'
ECHO_C=''
ECHO_N='-n'
ECHO_T=''
EXEEXT=''
INSTALL_DATA='${INSTALL} -m 644'
INSTALL_PROGRAM='${INSTALL}'
INSTALL_SCRIPT='${INSTALL}'
INSTALL_STRIP_PROGRAM='$(install_sh) -c -s'
LDFLAGS=''
LIBOBJS=''
LIBS=''
LTLIBOBJS=''
MAKEINFO='${SHELL} '\''/home/aacienfuegos/uni/IRIN/compulsory_1/covid_survivor/missing'\'' makeinfo'
MKDIR_P='/usr/bin/mkdir -p'
OBJEXT='o'
PACKAGE='irsim'
PACKAGE_BUGREPORT=''
PACKAGE_NAME='irsim'
PACKAGE_STRING='irsim 2021.0'
PACKAGE_TARNAME='irsim'
PACKAGE_URL=''
PACKAGE_VERSION='2021.0'
PATH_SEPARATOR=':'
RANLIB='ranlib'
SET_MAKE=''
SHELL='/bin/sh'
STRIP=''
VERSION='2021.0'
ac_ct_CC='gcc'
ac_ct_CXX='g++'
am__EXEEXT_FALSE=''
am__EXEEXT_TRUE='#'
am__fastdepCC_FALSE='#'
am__fastdepCC_TRUE=''
am__fastdepCXX_FALSE='#'
am__fastdepCXX_TRUE=''
am__include='include'
am__isrc=''
am__leading_dot='.'
am__nodep='_no'
am__quote=''
am__tar='$${TAR-tar} chof - "$$tardir"'
am__untar='$${TAR-tar} xf -'
bindir='${exec_prefix}/bin'
build_alias=''
datadir='${datarootdir}'
datarootdir='${prefix}/share'
docdir='${datarootdir}/doc/${PACKAGE_TARNAME}'
dvidir='${docdir}'
exec_prefix='${prefix}'
host_alias=''
htmldir='${docdir}'
includedir='${prefix}/include'
infodir='${datarootdir}/info'
install_sh='${SHELL} /home/aacienfuegos/uni/IRIN/compulsory_1/covid_survivor/install-sh'
libdir='${exec_prefix}/lib'
libexecdir='${exec_prefix}/libexec'
localedir='${datarootdir}/locale'
localstatedir='${prefix}/var'
mandir='${datarootdir}/man'
mkdir_p='$(MKDIR_P)'
oldincludedir='/usr/include'
pdfdir='${docdir}'
prefix='/usr/local'
program_transform_name='s,x,x,'
psdir='${docdir}'
runstatedir='${localstatedir}/run'
sbindir='${exec_prefix}/sbin'
sharedstatedir='${prefix}/com'
sysconfdir='${prefix}/etc'
target_alias=''

## ----------- ##
## confdefs.h. ##
## ----------- ##

/* confdefs.h */
#define PACKAGE_NAME "irsim"
#define PACKAGE_TARNAME "irsim"
#define PACKAGE_VERSION "2021.0"
#define PACKAGE_STRING "irsim 2021.0"
#define PACKAGE_BUGREPORT ""
#define PACKAGE_URL ""
#define PACKAGE "irsim"
#define VERSION "2021.0"

configure: exit 0

## ---------------------- ##
## Running config.status. ##
## ---------------------- ##

This file was extended by irsim config.status 2021.0, which was
generated by GNU Autoconf 2.71.  Invocation command line was

  CONFIG_FILES    = 
  CONFIG_HEADERS  = 
  CONFIG_LINKS    = 
  CONFIG_COMMANDS = 
  $ ./config.status config.h

on hades

config.status:851: creating config.h
config.status:1032: config.h is unchanged
